D:\SaddamHusaain\GIT\FirstProject\CaseManagement\DITS.Case.Management\DITS.Case.Management\Template\app\app.component.js
D:\SaddamHusaain\GIT\FirstProject\CaseManagement\DITS.Case.Management\DITS.Case.Management\Template\app\app.component.js.map
D:\SaddamHusaain\GIT\FirstProject\CaseManagement\DITS.Case.Management\DITS.Case.Management\Template\app\dashboard\dashboard.component.js
D:\SaddamHusaain\GIT\FirstProject\CaseManagement\DITS.Case.Management\DITS.Case.Management\Template\app\dashboard\dashboard.component.js.map
D:\SaddamHusaain\GIT\FirstProject\CaseManagement\DITS.Case.Management\DITS.Case.Management\Template\app\dashboard\home\home.component.js
D:\SaddamHusaain\GIT\FirstProject\CaseManagement\DITS.Case.Management\DITS.Case.Management\Template\app\dashboard\home\home.component.js.map
D:\SaddamHusaain\GIT\FirstProject\CaseManagement\DITS.Case.Management\DITS.Case.Management\Template\app\dashboard\user\user.component.js
D:\SaddamHusaain\GIT\FirstProject\CaseManagement\DITS.Case.Management\DITS.Case.Management\Template\app\dashboard\user\user.component.js.map
D:\SaddamHusaain\GIT\FirstProject\CaseManagement\DITS.Case.Management\DITS.Case.Management\Template\app\dashboard\icons\icons.component.js
D:\SaddamHusaain\GIT\FirstProject\CaseManagement\DITS.Case.Management\DITS.Case.Management\Template\app\dashboard\icons\icons.component.js.map
D:\SaddamHusaain\GIT\FirstProject\CaseManagement\DITS.Case.Management\DITS.Case.Management\Template\app\dashboard\table\table.component.js
D:\SaddamHusaain\GIT\FirstProject\CaseManagement\DITS.Case.Management\DITS.Case.Management\Template\app\dashboard\table\table.component.js.map
D:\SaddamHusaain\GIT\FirstProject\CaseManagement\DITS.Case.Management\DITS.Case.Management\Template\app\dashboard\notifications\notifications.component.js
D:\SaddamHusaain\GIT\FirstProject\CaseManagement\DITS.Case.Management\DITS.Case.Management\Template\app\dashboard\notifications\notifications.component.js.map
D:\SaddamHusaain\GIT\FirstProject\CaseManagement\DITS.Case.Management\DITS.Case.Management\Template\app\dashboard\typography\typography.component.js
D:\SaddamHusaain\GIT\FirstProject\CaseManagement\DITS.Case.Management\DITS.Case.Management\Template\app\dashboard\typography\typography.component.js.map
D:\SaddamHusaain\GIT\FirstProject\CaseManagement\DITS.Case.Management\DITS.Case.Management\Template\app\dashboard\maps\maps.component.js
D:\SaddamHusaain\GIT\FirstProject\CaseManagement\DITS.Case.Management\DITS.Case.Management\Template\app\dashboard\maps\maps.component.js.map
D:\SaddamHusaain\GIT\FirstProject\CaseManagement\DITS.Case.Management\DITS.Case.Management\Template\app\dashboard\upgrade\upgrade.component.js
D:\SaddamHusaain\GIT\FirstProject\CaseManagement\DITS.Case.Management\DITS.Case.Management\Template\app\dashboard\upgrade\upgrade.component.js.map
D:\SaddamHusaain\GIT\FirstProject\CaseManagement\DITS.Case.Management\DITS.Case.Management\Template\app\dashboard\dashboard.routes.js
D:\SaddamHusaain\GIT\FirstProject\CaseManagement\DITS.Case.Management\DITS.Case.Management\Template\app\dashboard\dashboard.routes.js.map
D:\SaddamHusaain\GIT\FirstProject\CaseManagement\DITS.Case.Management\DITS.Case.Management\Template\app\dashboard\dashboard.module.js
D:\SaddamHusaain\GIT\FirstProject\CaseManagement\DITS.Case.Management\DITS.Case.Management\Template\app\dashboard\dashboard.module.js.map
D:\SaddamHusaain\GIT\FirstProject\CaseManagement\DITS.Case.Management\DITS.Case.Management\Template\app\sidebar\sidebar.metadata.js
D:\SaddamHusaain\GIT\FirstProject\CaseManagement\DITS.Case.Management\DITS.Case.Management\Template\app\sidebar\sidebar.metadata.js.map
D:\SaddamHusaain\GIT\FirstProject\CaseManagement\DITS.Case.Management\DITS.Case.Management\Template\app\sidebar\sidebar-routes.config.js
D:\SaddamHusaain\GIT\FirstProject\CaseManagement\DITS.Case.Management\DITS.Case.Management\Template\app\sidebar\sidebar-routes.config.js.map
D:\SaddamHusaain\GIT\FirstProject\CaseManagement\DITS.Case.Management\DITS.Case.Management\Template\app\sidebar\sidebar.component.js
D:\SaddamHusaain\GIT\FirstProject\CaseManagement\DITS.Case.Management\DITS.Case.Management\Template\app\sidebar\sidebar.component.js.map
D:\SaddamHusaain\GIT\FirstProject\CaseManagement\DITS.Case.Management\DITS.Case.Management\Template\app\sidebar\sidebar.module.js
D:\SaddamHusaain\GIT\FirstProject\CaseManagement\DITS.Case.Management\DITS.Case.Management\Template\app\sidebar\sidebar.module.js.map
D:\SaddamHusaain\GIT\FirstProject\CaseManagement\DITS.Case.Management\DITS.Case.Management\Template\app\shared\footer\footer.component.js
D:\SaddamHusaain\GIT\FirstProject\CaseManagement\DITS.Case.Management\DITS.Case.Management\Template\app\shared\footer\footer.component.js.map
D:\SaddamHusaain\GIT\FirstProject\CaseManagement\DITS.Case.Management\DITS.Case.Management\Template\app\shared\footer\footer.module.js
D:\SaddamHusaain\GIT\FirstProject\CaseManagement\DITS.Case.Management\DITS.Case.Management\Template\app\shared\footer\footer.module.js.map
D:\SaddamHusaain\GIT\FirstProject\CaseManagement\DITS.Case.Management\DITS.Case.Management\Template\app\shared\navbar\navbar.component.js
D:\SaddamHusaain\GIT\FirstProject\CaseManagement\DITS.Case.Management\DITS.Case.Management\Template\app\shared\navbar\navbar.component.js.map
D:\SaddamHusaain\GIT\FirstProject\CaseManagement\DITS.Case.Management\DITS.Case.Management\Template\app\shared\navbar\navbar.module.js
D:\SaddamHusaain\GIT\FirstProject\CaseManagement\DITS.Case.Management\DITS.Case.Management\Template\app\shared\navbar\navbar.module.js.map
D:\SaddamHusaain\GIT\FirstProject\CaseManagement\DITS.Case.Management\DITS.Case.Management\Template\app\app.module.js
D:\SaddamHusaain\GIT\FirstProject\CaseManagement\DITS.Case.Management\DITS.Case.Management\Template\app\app.module.js.map
D:\SaddamHusaain\GIT\FirstProject\CaseManagement\DITS.Case.Management\DITS.Case.Management\Template\app\main.js
D:\SaddamHusaain\GIT\FirstProject\CaseManagement\DITS.Case.Management\DITS.Case.Management\Template\app\main.js.map
